Release 14.7 - xst P.20131013 (nt)
Copyright (c) 1995-2013 Xilinx, Inc.  All rights reserved.
--> Parameter TMPDIR set to xst/projnav.tmp


Total REAL time to Xst completion: 0.00 secs
Total CPU time to Xst completion: 0.16 secs
 
--> Parameter xsthdpdir set to xst


Total REAL time to Xst completion: 0.00 secs
Total CPU time to Xst completion: 0.16 secs
 
--> Reading design: pong.prj

TABLE OF CONTENTS
  1) Synthesis Options Summary
  2) HDL Parsing
  3) HDL Elaboration
  4) HDL Synthesis
       4.1) HDL Synthesis Report
  5) Advanced HDL Synthesis
       5.1) Advanced HDL Synthesis Report
  6) Low Level Synthesis
  7) Partition Report
  8) Design Summary
       8.1) Primitive and Black Box Usage
       8.2) Device utilization summary
       8.3) Partition Resource Summary
       8.4) Timing Report
            8.4.1) Clock Information
            8.4.2) Asynchronous Control Signals Information
            8.4.3) Timing Summary
            8.4.4) Timing Details
            8.4.5) Cross Clock Domains Report


=========================================================================
*                      Synthesis Options Summary                        *
=========================================================================
---- Source Parameters
Input File Name                    : "pong.prj"
Ignore Synthesis Constraint File   : NO

---- Target Parameters
Output File Name                   : "pong"
Output Format                      : NGC
Target Device                      : xc6slx16-3-csg324

---- Source Options
Top Module Name                    : pong
Automatic FSM Extraction           : YES
FSM Encoding Algorithm             : Auto
Safe Implementation                : No
FSM Style                          : LUT
RAM Extraction                     : Yes
RAM Style                          : Auto
ROM Extraction                     : Yes
Shift Register Extraction          : YES
ROM Style                          : Auto
Resource Sharing                   : YES
Asynchronous To Synchronous        : NO
Shift Register Minimum Size        : 2
Use DSP Block                      : Auto
Automatic Register Balancing       : No

---- Target Options
LUT Combining                      : Auto
Reduce Control Sets                : Auto
Add IO Buffers                     : YES
Global Maximum Fanout              : 100000
Add Generic Clock Buffer(BUFG)     : 16
Register Duplication               : YES
Optimize Instantiated Primitives   : NO
Use Clock Enable                   : Auto
Use Synchronous Set                : Auto
Use Synchronous Reset              : Auto
Pack IO Registers into IOBs        : Auto
Equivalent register Removal        : YES

---- General Options
Optimization Goal                  : Speed
Optimization Effort                : 1
Power Reduction                    : NO
Keep Hierarchy                     : No
Netlist Hierarchy                  : As_Optimized
RTL Output                         : Yes
Global Optimization                : AllClockNets
Read Cores                         : YES
Write Timing Constraints           : NO
Cross Clock Analysis               : NO
Hierarchy Separator                : /
Bus Delimiter                      : <>
Case Specifier                     : Maintain
Slice Utilization Ratio            : 100
BRAM Utilization Ratio             : 100
DSP48 Utilization Ratio            : 100
Auto BRAM Packing                  : NO
Slice Utilization Ratio Delta      : 5

=========================================================================


=========================================================================
*                          HDL Parsing                                  *
=========================================================================
Analyzing Verilog file "\\vlabfs.vlab.usc.edu\home$\mtakla\EE354\Pong\hvsync_generator.v" into library work
Parsing module <hvsync_generator>.
Analyzing Verilog file "\\vlabfs.vlab.usc.edu\home$\mtakla\EE354\Pong\pong_top.v" into library work
Parsing module <pong>.

=========================================================================
*                            HDL Elaboration                            *
=========================================================================

Elaborating module <pong>.

Elaborating module <BUF>.
WARNING:HDLCompiler:1127 - "\\vlabfs.vlab.usc.edu\home$\mtakla\EE354\Pong\pong_top.v" Line 35: Assignment to button_clk ignored, since the identifier is never used

Elaborating module <hvsync_generator>.
WARNING:HDLCompiler:413 - "\\vlabfs.vlab.usc.edu\home$\mtakla\EE354\Pong\hvsync_generator.v" Line 34: Result of 11-bit expression is truncated to fit in 10-bit target.
WARNING:HDLCompiler:413 - "\\vlabfs.vlab.usc.edu\home$\mtakla\EE354\Pong\hvsync_generator.v" Line 44: Result of 11-bit expression is truncated to fit in 10-bit target.
WARNING:HDLCompiler:413 - "\\vlabfs.vlab.usc.edu\home$\mtakla\EE354\Pong\pong_top.v" Line 59: Result of 11-bit expression is truncated to fit in 10-bit target.
WARNING:HDLCompiler:413 - "\\vlabfs.vlab.usc.edu\home$\mtakla\EE354\Pong\pong_top.v" Line 61: Result of 32-bit expression is truncated to fit in 10-bit target.
WARNING:HDLCompiler:634 - "\\vlabfs.vlab.usc.edu\home$\mtakla\EE354\Pong\pong_top.v" Line 106: Net <p2_score[3]> does not have a driver.
WARNING:HDLCompiler:634 - "\\vlabfs.vlab.usc.edu\home$\mtakla\EE354\Pong\pong_top.v" Line 107: Net <p1_score[3]> does not have a driver.
WARNING:HDLCompiler:634 - "\\vlabfs.vlab.usc.edu\home$\mtakla\EE354\Pong\pong_top.v" Line 108: Net <state[1]> does not have a driver.

=========================================================================
*                           HDL Synthesis                               *
=========================================================================

Synthesizing Unit <pong>.
    Related source file is "\\vlabfs.vlab.usc.edu\home$\mtakla\EE354\Pong\pong_top.v".
WARNING:Xst:653 - Signal <p2_score> is used but never assigned. This sourceless signal will be automatically connected to value GND.
WARNING:Xst:653 - Signal <p1_score> is used but never assigned. This sourceless signal will be automatically connected to value GND.
WARNING:Xst:653 - Signal <state> is used but never assigned. This sourceless signal will be automatically connected to value GND.
    Found 32-bit register for signal <DIV_CLK>.
    Found 10-bit register for signal <pad_position>.
    Found 1-bit register for signal <flag1>.
    Found 1-bit register for signal <p<2>>.
    Found 1-bit register for signal <p<1>>.
    Found 1-bit register for signal <p<0>>.
    Found 1-bit register for signal <vga_r>.
    Found 1-bit register for signal <vga_g>.
    Found 1-bit register for signal <vga_b>.
    Found 11-bit subtractor for signal <GND_1_o_GND_1_o_sub_12_OUT> created at line 70.
    Found 32-bit adder for signal <DIV_CLK[31]_GND_1_o_add_0_OUT> created at line 32.
    Found 10-bit adder for signal <pad_position[9]_GND_1_o_add_4_OUT> created at line 59.
    Found 11-bit adder for signal <n0095> created at line 70.
    Found 10-bit subtractor for signal <GND_1_o_GND_1_o_sub_6_OUT<9:0>> created at line 61.
    Found 16x7-bit Read Only RAM for signal <SSD_CATHODES>
    Found 32-bit comparator lessequal for signal <n0017> created at line 70
    Found 11-bit comparator lessequal for signal <n0020> created at line 70
    Found 10-bit comparator lessequal for signal <n0023> created at line 70
    Found 10-bit comparator lessequal for signal <n0026> created at line 70
    Found 1-bit comparator lessequal for signal <n0028> created at line 70
    Summary:
	inferred   1 RAM(s).
	inferred   4 Adder/Subtractor(s).
	inferred  49 D-type flip-flop(s).
	inferred   5 Comparator(s).
	inferred   5 Multiplexer(s).
Unit <pong> synthesized.

Synthesizing Unit <hvsync_generator>.
    Related source file is "\\vlabfs.vlab.usc.edu\home$\mtakla\EE354\Pong\hvsync_generator.v".
    Found 10-bit register for signal <CounterY>.
    Found 1-bit register for signal <vga_HS>.
    Found 1-bit register for signal <vga_VS>.
    Found 1-bit register for signal <inDisplayArea>.
    Found 10-bit register for signal <CounterX>.
    Found 10-bit adder for signal <CounterX[9]_GND_3_o_add_2_OUT> created at line 34.
    Found 10-bit adder for signal <CounterY[9]_GND_3_o_add_9_OUT> created at line 44.
    Found 10-bit comparator greater for signal <PWR_3_o_CounterX[9]_LessThan_16_o> created at line 49
    Found 10-bit comparator greater for signal <CounterX[9]_PWR_3_o_LessThan_17_o> created at line 49
    Found 10-bit comparator greater for signal <CounterX[9]_PWR_3_o_LessThan_21_o> created at line 58
    Found 10-bit comparator greater for signal <CounterY[9]_GND_3_o_LessThan_22_o> created at line 58
    Summary:
	inferred   2 Adder/Subtractor(s).
	inferred  23 D-type flip-flop(s).
	inferred   4 Comparator(s).
Unit <hvsync_generator> synthesized.

=========================================================================
HDL Synthesis Report

Macro Statistics
# RAMs                                                 : 1
 16x7-bit single-port Read Only RAM                    : 1
# Adders/Subtractors                                   : 6
 10-bit adder                                          : 2
 10-bit addsub                                         : 1
 11-bit adder                                          : 1
 11-bit subtractor                                     : 1
 32-bit adder                                          : 1
# Registers                                            : 14
 1-bit register                                        : 10
 10-bit register                                       : 3
 32-bit register                                       : 1
# Comparators                                          : 9
 1-bit comparator lessequal                            : 1
 10-bit comparator greater                             : 4
 10-bit comparator lessequal                           : 2
 11-bit comparator lessequal                           : 1
 32-bit comparator lessequal                           : 1
# Multiplexers                                         : 5
 1-bit 2-to-1 multiplexer                              : 5

=========================================================================

=========================================================================
*                       Advanced HDL Synthesis                          *
=========================================================================


Synthesizing (advanced) Unit <hvsync_generator>.
The following registers are absorbed into counter <CounterX>: 1 register on signal <CounterX>.
The following registers are absorbed into counter <CounterY>: 1 register on signal <CounterY>.
Unit <hvsync_generator> synthesized (advanced).

Synthesizing (advanced) Unit <pong>.
The following registers are absorbed into accumulator <pad_position>: 1 register on signal <pad_position>.
The following registers are absorbed into counter <DIV_CLK>: 1 register on signal <DIV_CLK>.
INFO:Xst:3218 - HDL ADVISOR - The RAM <Mram_SSD_CATHODES> will be implemented on LUTs either because you have described an asynchronous read or because of currently unsupported block RAM features. If you have described an asynchronous read, making it synchronous would allow you to take advantage of available block RAM resources, for optimized device usage and improved timings. Please refer to your documentation for coding guidelines.
    -----------------------------------------------------------------------
    | ram_type           | Distributed                         |          |
    -----------------------------------------------------------------------
    | Port A                                                              |
    |     aspect ratio   | 16-word x 7-bit                     |          |
    |     weA            | connected to signal <GND>           | high     |
    |     addrA          | connected to signal <SSD>           |          |
    |     diA            | connected to signal <GND>           |          |
    |     doA            | connected to signal <Cg>            |          |
    -----------------------------------------------------------------------
Unit <pong> synthesized (advanced).

=========================================================================
Advanced HDL Synthesis Report

Macro Statistics
# RAMs                                                 : 1
 16x7-bit single-port distributed Read Only RAM        : 1
# Adders/Subtractors                                   : 2
 11-bit adder                                          : 1
 11-bit subtractor                                     : 1
# Counters                                             : 3
 10-bit up counter                                     : 2
 32-bit up counter                                     : 1
# Accumulators                                         : 1
 10-bit updown accumulator                             : 1
# Registers                                            : 10
 Flip-Flops                                            : 10
# Comparators                                          : 9
 1-bit comparator lessequal                            : 1
 10-bit comparator greater                             : 4
 10-bit comparator lessequal                           : 2
 11-bit comparator lessequal                           : 1
 32-bit comparator lessequal                           : 1
# Multiplexers                                         : 4
 1-bit 2-to-1 multiplexer                              : 4

=========================================================================

=========================================================================
*                         Low Level Synthesis                           *
=========================================================================
WARNING:Xst:2677 - Node <DIV_CLK_28> of sequential type is unconnected in block <pong>.
WARNING:Xst:2677 - Node <DIV_CLK_29> of sequential type is unconnected in block <pong>.
WARNING:Xst:2677 - Node <DIV_CLK_30> of sequential type is unconnected in block <pong>.
WARNING:Xst:2677 - Node <DIV_CLK_31> of sequential type is unconnected in block <pong>.

Optimizing unit <pong> ...
WARNING:Xst:1710 - FF/Latch <pad_position_0> (without init value) has a constant value of 0 in block <pong>. This FF/Latch will be trimmed during the optimization process.

Optimizing unit <hvsync_generator> ...
WARNING:Xst:1710 - FF/Latch <pad_position_0> (without init value) has a constant value of 0 in block <pong>. This FF/Latch will be trimmed during the optimization process.

Mapping all equations...
Building and optimizing final netlist ...
Found area constraint ratio of 100 (+ 5) on block pong, actual ratio is 1.

Final Macro Processing ...

=========================================================================
Final Register Report

Macro Statistics
# Registers                                            : 67
 Flip-Flops                                            : 67

=========================================================================

=========================================================================
*                           Partition Report                            *
=========================================================================

Partition Implementation Status
-------------------------------

  No Partitions were found in this design.

-------------------------------

=========================================================================
*                            Design Summary                             *
=========================================================================

Top Level Output File Name         : pong.ngc

Primitive and Black Box Usage:
------------------------------
# BELS                             : 248
#      BUF                         : 3
#      GND                         : 1
#      INV                         : 10
#      LUT1                        : 45
#      LUT2                        : 21
#      LUT3                        : 5
#      LUT4                        : 24
#      LUT5                        : 18
#      LUT6                        : 19
#      MUXCY                       : 53
#      VCC                         : 1
#      XORCY                       : 48
# FlipFlops/Latches                : 67
#      FD                          : 12
#      FDC                         : 28
#      FDE                         : 1
#      FDR                         : 7
#      FDRE                        : 16
#      FDSE                        : 3
# Clock Buffers                    : 2
#      BUFG                        : 1
#      BUFGP                       : 1
# IO Buffers                       : 34
#      IBUF                        : 4
#      OBUF                        : 30

Device utilization summary:
---------------------------

Selected Device : 6slx16csg324-3 


Slice Logic Utilization: 
 Number of Slice Registers:              67  out of  18224     0%  
 Number of Slice LUTs:                  142  out of   9112     1%  
    Number used as Logic:               142  out of   9112     1%  

Slice Logic Distribution: 
 Number of LUT Flip Flop pairs used:    145
   Number with an unused Flip Flop:      78  out of    145    53%  
   Number with an unused LUT:             3  out of    145     2%  
   Number of fully used LUT-FF pairs:    64  out of    145    44%  
   Number of unique control sets:        13

IO Utilization: 
 Number of IOs:                          35
 Number of bonded IOBs:                  35  out of    232    15%  

Specific Feature Utilization:
 Number of BUFG/BUFGCTRLs:                2  out of     16    12%  

---------------------------
Partition Resource Summary:
---------------------------

  No Partitions were found in this design.

---------------------------


=========================================================================
Timing Report

NOTE: THESE TIMING NUMBERS ARE ONLY A SYNTHESIS ESTIMATE.
      FOR ACCURATE TIMING INFORMATION PLEASE REFER TO THE TRACE REPORT
      GENERATED AFTER PLACE-and-ROUTE.

Clock Information:
------------------
-----------------------------------+------------------------+-------+
Clock Signal                       | Clock buffer(FF name)  | Load  |
-----------------------------------+------------------------+-------+
DIV_CLK_27                         | NONE(p_0)              | 4     |
DIV_CLK_1                          | BUFG                   | 26    |
ClkPort                            | BUFGP                  | 28    |
DIV_CLK_21                         | NONE(pad_position_2)   | 9     |
-----------------------------------+------------------------+-------+
INFO:Xst:2169 - HDL ADVISOR - Some clock signals were not automatically buffered by XST with BUFG/BUFR resources. Please use the buffer_type constraint in order to insert these buffers to the clock signals to help prevent skew problems.

Asynchronous Control Signals Information:
----------------------------------------
No asynchronous control signals found in this design

Timing Summary:
---------------
Speed Grade: -3

   Minimum period: 3.838ns (Maximum Frequency: 260.522MHz)
   Minimum input arrival time before clock: 5.670ns
   Maximum output required time after clock: 5.336ns
   Maximum combinational path delay: 6.387ns

Timing Details:
---------------
All values displayed in nanoseconds (ns)

=========================================================================
Timing constraint: Default period analysis for Clock 'DIV_CLK_27'
  Clock period: 2.446ns (frequency: 408.764MHz)
  Total number of paths / destination ports: 7 / 6
-------------------------------------------------------------------------
Delay:               2.446ns (Levels of Logic = 1)
  Source:            flag1 (FF)
  Destination:       flag1 (FF)
  Source Clock:      DIV_CLK_27 rising
  Destination Clock: DIV_CLK_27 rising

  Data Path: flag1 to flag1
                                Gate     Net
    Cell:in->out      fanout   Delay   Delay  Logical Name (Net Name)
    ----------------------------------------  ------------
     FDR:C->Q              4   0.447   0.788  flag1 (flag1)
     LUT2:I0->O            1   0.203   0.579  _n01201 (_n0120)
     FDR:R                     0.430          flag1
    ----------------------------------------
    Total                      2.446ns (1.080ns logic, 1.366ns route)
                                       (44.1% logic, 55.9% route)

=========================================================================
Timing constraint: Default period analysis for Clock 'DIV_CLK_1'
  Clock period: 3.838ns (frequency: 260.522MHz)
  Total number of paths / destination ports: 442 / 48
-------------------------------------------------------------------------
Delay:               3.838ns (Levels of Logic = 2)
  Source:            hvsync_gen/CounterY_1 (FF)
  Destination:       hvsync_gen/CounterY_0 (FF)
  Source Clock:      DIV_CLK_1 rising
  Destination Clock: DIV_CLK_1 rising

  Data Path: hvsync_gen/CounterY_1 to hvsync_gen/CounterY_0
                                Gate     Net
    Cell:in->out      fanout   Delay   Delay  Logical Name (Net Name)
    ----------------------------------------  ------------
     FDRE:C->Q             7   0.447   1.118  hvsync_gen/CounterY_1 (hvsync_gen/CounterY_1)
     LUT6:I1->O            1   0.203   0.580  hvsync_gen/Mcount_CounterY_val_SW0 (N2)
     LUT6:I5->O           10   0.205   0.856  hvsync_gen/Mcount_CounterY_val (hvsync_gen/Mcount_CounterY_val)
     FDRE:R                    0.430          hvsync_gen/CounterY_0
    ----------------------------------------
    Total                      3.838ns (1.285ns logic, 2.553ns route)
                                       (33.5% logic, 66.5% route)

=========================================================================
Timing constraint: Default period analysis for Clock 'ClkPort'
  Clock period: 2.180ns (frequency: 458.747MHz)
  Total number of paths / destination ports: 406 / 28
-------------------------------------------------------------------------
Delay:               2.180ns (Levels of Logic = 29)
  Source:            DIV_CLK_0 (FF)
  Destination:       DIV_CLK_27 (FF)
  Source Clock:      ClkPort rising
  Destination Clock: ClkPort rising

  Data Path: DIV_CLK_0 to DIV_CLK_27
                                Gate     Net
    Cell:in->out      fanout   Delay   Delay  Logical Name (Net Name)
    ----------------------------------------  ------------
     FDC:C->Q              1   0.447   0.579  DIV_CLK_0 (DIV_CLK_0)
     INV:I->O              1   0.206   0.000  Mcount_DIV_CLK_lut<0>_INV_0 (Mcount_DIV_CLK_lut<0>)
     MUXCY:S->O            1   0.172   0.000  Mcount_DIV_CLK_cy<0> (Mcount_DIV_CLK_cy<0>)
     MUXCY:CI->O           1   0.019   0.000  Mcount_DIV_CLK_cy<1> (Mcount_DIV_CLK_cy<1>)
     MUXCY:CI->O           1   0.019   0.000  Mcount_DIV_CLK_cy<2> (Mcount_DIV_CLK_cy<2>)
     MUXCY:CI->O           1   0.019   0.000  Mcount_DIV_CLK_cy<3> (Mcount_DIV_CLK_cy<3>)
     MUXCY:CI->O           1   0.019   0.000  Mcount_DIV_CLK_cy<4> (Mcount_DIV_CLK_cy<4>)
     MUXCY:CI->O           1   0.019   0.000  Mcount_DIV_CLK_cy<5> (Mcount_DIV_CLK_cy<5>)
     MUXCY:CI->O           1   0.019   0.000  Mcount_DIV_CLK_cy<6> (Mcount_DIV_CLK_cy<6>)
     MUXCY:CI->O           1   0.019   0.000  Mcount_DIV_CLK_cy<7> (Mcount_DIV_CLK_cy<7>)
     MUXCY:CI->O           1   0.019   0.000  Mcount_DIV_CLK_cy<8> (Mcount_DIV_CLK_cy<8>)
     MUXCY:CI->O           1   0.019   0.000  Mcount_DIV_CLK_cy<9> (Mcount_DIV_CLK_cy<9>)
     MUXCY:CI->O           1   0.019   0.000  Mcount_DIV_CLK_cy<10> (Mcount_DIV_CLK_cy<10>)
     MUXCY:CI->O           1   0.019   0.000  Mcount_DIV_CLK_cy<11> (Mcount_DIV_CLK_cy<11>)
     MUXCY:CI->O           1   0.019   0.000  Mcount_DIV_CLK_cy<12> (Mcount_DIV_CLK_cy<12>)
     MUXCY:CI->O           1   0.019   0.000  Mcount_DIV_CLK_cy<13> (Mcount_DIV_CLK_cy<13>)
     MUXCY:CI->O           1   0.019   0.000  Mcount_DIV_CLK_cy<14> (Mcount_DIV_CLK_cy<14>)
     MUXCY:CI->O           1   0.019   0.000  Mcount_DIV_CLK_cy<15> (Mcount_DIV_CLK_cy<15>)
     MUXCY:CI->O           1   0.019   0.000  Mcount_DIV_CLK_cy<16> (Mcount_DIV_CLK_cy<16>)
     MUXCY:CI->O           1   0.019   0.000  Mcount_DIV_CLK_cy<17> (Mcount_DIV_CLK_cy<17>)
     MUXCY:CI->O           1   0.019   0.000  Mcount_DIV_CLK_cy<18> (Mcount_DIV_CLK_cy<18>)
     MUXCY:CI->O           1   0.019   0.000  Mcount_DIV_CLK_cy<19> (Mcount_DIV_CLK_cy<19>)
     MUXCY:CI->O           1   0.019   0.000  Mcount_DIV_CLK_cy<20> (Mcount_DIV_CLK_cy<20>)
     MUXCY:CI->O           1   0.019   0.000  Mcount_DIV_CLK_cy<21> (Mcount_DIV_CLK_cy<21>)
     MUXCY:CI->O           1   0.019   0.000  Mcount_DIV_CLK_cy<22> (Mcount_DIV_CLK_cy<22>)
     MUXCY:CI->O           1   0.019   0.000  Mcount_DIV_CLK_cy<23> (Mcount_DIV_CLK_cy<23>)
     MUXCY:CI->O           1   0.019   0.000  Mcount_DIV_CLK_cy<24> (Mcount_DIV_CLK_cy<24>)
     MUXCY:CI->O           1   0.019   0.000  Mcount_DIV_CLK_cy<25> (Mcount_DIV_CLK_cy<25>)
     MUXCY:CI->O           0   0.019   0.000  Mcount_DIV_CLK_cy<26> (Mcount_DIV_CLK_cy<26>)
     XORCY:CI->O           1   0.180   0.000  Mcount_DIV_CLK_xor<27> (Result<27>)
     FDC:D                     0.102          DIV_CLK_27
    ----------------------------------------
    Total                      2.180ns (1.601ns logic, 0.579ns route)
                                       (73.4% logic, 26.6% route)

=========================================================================
Timing constraint: Default period analysis for Clock 'DIV_CLK_21'
  Clock period: 2.974ns (frequency: 336.236MHz)
  Total number of paths / destination ports: 45 / 9
-------------------------------------------------------------------------
Delay:               2.974ns (Levels of Logic = 2)
  Source:            pad_position_3 (FF)
  Destination:       pad_position_9 (FF)
  Source Clock:      DIV_CLK_21 rising
  Destination Clock: DIV_CLK_21 rising

  Data Path: pad_position_3 to pad_position_9
                                Gate     Net
    Cell:in->out      fanout   Delay   Delay  Logical Name (Net Name)
    ----------------------------------------  ------------
     FDRE:C->Q            20   0.447   1.437  pad_position_3 (pad_position_3)
     LUT6:I1->O            1   0.203   0.580  Maccum_pad_position_xor<9>11_SW0 (N24)
     LUT6:I5->O            1   0.205   0.000  Maccum_pad_position_xor<9>11 (Result<9>1)
     FDRE:D                    0.102          pad_position_9
    ----------------------------------------
    Total                      2.974ns (0.957ns logic, 2.017ns route)
                                       (32.2% logic, 67.8% route)

=========================================================================
Timing constraint: Default OFFSET IN BEFORE for Clock 'ClkPort'
  Total number of paths / destination ports: 28 / 28
-------------------------------------------------------------------------
Offset:              4.246ns (Levels of Logic = 2)
  Source:            Sw0 (PAD)
  Destination:       DIV_CLK_0 (FF)
  Destination Clock: ClkPort rising

  Data Path: Sw0 to DIV_CLK_0
                                Gate     Net
    Cell:in->out      fanout   Delay   Delay  Logical Name (Net Name)
    ----------------------------------------  ------------
     IBUF:I->O             1   1.222   0.579  Sw0_IBUF (Sw0_IBUF)
     BUF:I->O             43   0.568   1.448  BUF2 (LD4_OBUF)
     FDC:CLR                   0.430          DIV_CLK_0
    ----------------------------------------
    Total                      4.246ns (2.220ns logic, 2.026ns route)
                                       (52.3% logic, 47.7% route)

=========================================================================
Timing constraint: Default OFFSET IN BEFORE for Clock 'DIV_CLK_21'
  Total number of paths / destination ports: 51 / 26
-------------------------------------------------------------------------
Offset:              4.501ns (Levels of Logic = 4)
  Source:            btnU (PAD)
  Destination:       pad_position_6 (FF)
  Destination Clock: DIV_CLK_21 rising

  Data Path: btnU to pad_position_6
                                Gate     Net
    Cell:in->out      fanout   Delay   Delay  Logical Name (Net Name)
    ----------------------------------------  ------------
     IBUF:I->O             9   1.222   0.934  btnU_IBUF (btnU_IBUF)
     LUT2:I0->O            2   0.203   0.981  Maccum_pad_position_xor<6>112_SW0 (N20)
     LUT6:I0->O            3   0.203   0.651  Maccum_pad_position_xor<6>112 (Maccum_pad_position_xor<6>11)
     LUT4:I3->O            1   0.205   0.000  Maccum_pad_position_xor<6>12 (Result<6>1)
     FDRE:D                    0.102          pad_position_6
    ----------------------------------------
    Total                      4.501ns (1.935ns logic, 2.566ns route)
                                       (43.0% logic, 57.0% route)

=========================================================================
Timing constraint: Default OFFSET IN BEFORE for Clock 'DIV_CLK_1'
  Total number of paths / destination ports: 21 / 21
-------------------------------------------------------------------------
Offset:              5.670ns (Levels of Logic = 3)
  Source:            Sw0 (PAD)
  Destination:       hvsync_gen/CounterY_0 (FF)
  Destination Clock: DIV_CLK_1 rising

  Data Path: Sw0 to hvsync_gen/CounterY_0
                                Gate     Net
    Cell:in->out      fanout   Delay   Delay  Logical Name (Net Name)
    ----------------------------------------  ------------
     IBUF:I->O             1   1.222   0.579  Sw0_IBUF (Sw0_IBUF)
     BUF:I->O             43   0.568   1.813  BUF2 (LD4_OBUF)
     LUT6:I0->O           10   0.203   0.856  hvsync_gen/Mcount_CounterY_val (hvsync_gen/Mcount_CounterY_val)
     FDRE:R                    0.430          hvsync_gen/CounterY_0
    ----------------------------------------
    Total                      5.670ns (2.423ns logic, 3.247ns route)
                                       (42.7% logic, 57.3% route)

=========================================================================
Timing constraint: Default OFFSET IN BEFORE for Clock 'DIV_CLK_27'
  Total number of paths / destination ports: 1 / 1
-------------------------------------------------------------------------
Offset:              5.031ns (Levels of Logic = 3)
  Source:            Sw0 (PAD)
  Destination:       flag1 (FF)
  Destination Clock: DIV_CLK_27 rising

  Data Path: Sw0 to flag1
                                Gate     Net
    Cell:in->out      fanout   Delay   Delay  Logical Name (Net Name)
    ----------------------------------------  ------------
     IBUF:I->O             1   1.222   0.579  Sw0_IBUF (Sw0_IBUF)
     BUF:I->O             43   0.568   1.449  BUF2 (LD4_OBUF)
     LUT2:I1->O            1   0.205   0.579  _n01201 (_n0120)
     FDR:R                     0.430          flag1
    ----------------------------------------
    Total                      5.031ns (2.425ns logic, 2.606ns route)
                                       (48.2% logic, 51.8% route)

=========================================================================
Timing constraint: Default OFFSET OUT AFTER for Clock 'DIV_CLK_1'
  Total number of paths / destination ports: 5 / 5
-------------------------------------------------------------------------
Offset:              4.382ns (Levels of Logic = 2)
  Source:            hvsync_gen/vga_HS (FF)
  Destination:       vga_h_sync (PAD)
  Source Clock:      DIV_CLK_1 rising

  Data Path: hvsync_gen/vga_HS to vga_h_sync
                                Gate     Net
    Cell:in->out      fanout   Delay   Delay  Logical Name (Net Name)
    ----------------------------------------  ------------
     FDR:C->Q              1   0.447   0.579  hvsync_gen/vga_HS (hvsync_gen/vga_HS)
     INV:I->O              1   0.206   0.579  hvsync_gen/vga_h_sync1_INV_0 (vga_h_sync_OBUF)
     OBUF:I->O                 2.571          vga_h_sync_OBUF (vga_h_sync)
    ----------------------------------------
    Total                      4.382ns (3.224ns logic, 1.158ns route)
                                       (73.6% logic, 26.4% route)

=========================================================================
Timing constraint: Default OFFSET OUT AFTER for Clock 'ClkPort'
  Total number of paths / destination ports: 22 / 11
-------------------------------------------------------------------------
Offset:              5.038ns (Levels of Logic = 2)
  Source:            DIV_CLK_18 (FF)
  Destination:       Cc (PAD)
  Source Clock:      ClkPort rising

  Data Path: DIV_CLK_18 to Cc
                                Gate     Net
    Cell:in->out      fanout   Delay   Delay  Logical Name (Net Name)
    ----------------------------------------  ------------
     FDC:C->Q             10   0.447   1.201  DIV_CLK_18 (DIV_CLK_18)
     LUT5:I0->O            2   0.203   0.616  Mram_SSD_CATHODES41 (Cc_OBUF)
     OBUF:I->O                 2.571          Cc_OBUF (Cc)
    ----------------------------------------
    Total                      5.038ns (3.221ns logic, 1.817ns route)
                                       (63.9% logic, 36.1% route)

=========================================================================
Timing constraint: Default OFFSET OUT AFTER for Clock 'DIV_CLK_21'
  Total number of paths / destination ports: 21 / 7
-------------------------------------------------------------------------
Offset:              5.336ns (Levels of Logic = 2)
  Source:            pad_position_2 (FF)
  Destination:       Ca (PAD)
  Source Clock:      DIV_CLK_21 rising

  Data Path: pad_position_2 to Ca
                                Gate     Net
    Cell:in->out      fanout   Delay   Delay  Logical Name (Net Name)
    ----------------------------------------  ------------
     FDRE:C->Q            23   0.447   1.498  pad_position_2 (pad_position_2)
     LUT5:I0->O            2   0.203   0.616  Mram_SSD_CATHODES61 (Ca_OBUF)
     OBUF:I->O                 2.571          Ca_OBUF (Ca)
    ----------------------------------------
    Total                      5.336ns (3.221ns logic, 2.115ns route)
                                       (60.4% logic, 39.6% route)

=========================================================================
Timing constraint: Default path analysis
  Total number of paths / destination ports: 2 / 2
-------------------------------------------------------------------------
Delay:               6.387ns (Levels of Logic = 3)
  Source:            Sw0 (PAD)
  Destination:       LD4 (PAD)

  Data Path: Sw0 to LD4
                                Gate     Net
    Cell:in->out      fanout   Delay   Delay  Logical Name (Net Name)
    ----------------------------------------  ------------
     IBUF:I->O             1   1.222   0.579  Sw0_IBUF (Sw0_IBUF)
     BUF:I->O             43   0.568   1.448  BUF2 (LD4_OBUF)
     OBUF:I->O                 2.571          LD4_OBUF (LD4)
    ----------------------------------------
    Total                      6.387ns (4.361ns logic, 2.026ns route)
                                       (68.3% logic, 31.7% route)

=========================================================================

Cross Clock Domains Report:
--------------------------

Clock to Setup on destination clock ClkPort
---------------+---------+---------+---------+---------+
               | Src:Rise| Src:Fall| Src:Rise| Src:Fall|
Source Clock   |Dest:Rise|Dest:Rise|Dest:Fall|Dest:Fall|
---------------+---------+---------+---------+---------+
ClkPort        |    2.180|         |         |         |
---------------+---------+---------+---------+---------+

Clock to Setup on destination clock DIV_CLK_1
---------------+---------+---------+---------+---------+
               | Src:Rise| Src:Fall| Src:Rise| Src:Fall|
Source Clock   |Dest:Rise|Dest:Rise|Dest:Fall|Dest:Fall|
---------------+---------+---------+---------+---------+
DIV_CLK_1      |    3.838|         |         |         |
DIV_CLK_27     |    2.278|         |         |         |
---------------+---------+---------+---------+---------+

Clock to Setup on destination clock DIV_CLK_21
---------------+---------+---------+---------+---------+
               | Src:Rise| Src:Fall| Src:Rise| Src:Fall|
Source Clock   |Dest:Rise|Dest:Rise|Dest:Fall|Dest:Fall|
---------------+---------+---------+---------+---------+
DIV_CLK_21     |    2.974|         |         |         |
---------------+---------+---------+---------+---------+

Clock to Setup on destination clock DIV_CLK_27
---------------+---------+---------+---------+---------+
               | Src:Rise| Src:Fall| Src:Rise| Src:Fall|
Source Clock   |Dest:Rise|Dest:Rise|Dest:Fall|Dest:Fall|
---------------+---------+---------+---------+---------+
DIV_CLK_1      |    5.203|         |         |         |
DIV_CLK_21     |    7.477|         |         |         |
DIV_CLK_27     |    2.446|         |         |         |
---------------+---------+---------+---------+---------+

=========================================================================


Total REAL time to Xst completion: 9.00 secs
Total CPU time to Xst completion: 8.56 secs
 
--> 

Total memory usage is 234240 kilobytes

Number of errors   :    0 (   0 filtered)
Number of warnings :   17 (   0 filtered)
Number of infos    :    2 (   0 filtered)

